# JRE version: Java(TM) SE Runtime Environment (21.0.11+9) (build 21.0.11+9-LTS-211)
# Java VM: Java HotSpot(TM) 64-Bit Server VM (21.0.11+9-LTS-211, mixed mode, sharing, tiered, compressed oops, compressed class ptrs, g1 gc, windows-amd64)
GC Precious Log:
 CardTable entry size: 512
 Card Set container configuration: InlinePtr #cards 5 size 8 Array Of Cards #cards 12 size 40 Howl #buckets 4 coarsen threshold 1843 Howl Bitmap #cards 512 size 80 coarsen threshold 460 Card regions per heap region 1 cards per card region 2048
 CPUs: 4 total, 4 available
 Memory: 3930M
 Large Page Support: Disabled
 NUMA Support: Disabled
 Compressed Oops: Enabled (32-bit)
 Heap Region Size: 1M
 Heap Min Capacity: 8M
 Heap Initial Capacity: 62M
 Heap Max Capacity: 1G
 Pre-touch: Disabled
 Parallel Workers: 4
 Concurrent Workers: 1
 Concurrent Refinement Workers: 4
 Periodic GC: Disabled
Heap:
 garbage-first heap   total 515072K, used 295936K [0x00000000c0000000, 0x0000000100000000)
  region size 1024K, 40 young (40960K), 8 survivors (8192K)
 Metaspace       used 143699K, committed 146368K, reserved 344064K
  class space    used 18149K, committed 19456K, reserved 212992K
GC Heap History (20 events):
Event: 224.161 GC heap before
{Heap before GC invocations=58 (full 0):
 garbage-first heap   total 280576K, used 245760K [0x00000000c0000000, 0x0000000100000000)
  region size 1024K, 62 young (63488K), 9 survivors (9216K)
 Metaspace       used 142224K, committed 144896K, reserved 344064K
  class space    used 18133K, committed 19456K, reserved 212992K
}
Event: 224.838 GC heap after
{Heap after GC invocations=59 (full 0):
 garbage-first heap   total 280576K, used 200704K [0x00000000c0000000, 0x0000000100000000)
  region size 1024K, 8 young (8192K), 8 survivors (8192K)
 Metaspace       used 142224K, committed 144896K, reserved 344064K
  class space    used 18133K, committed 19456K, reserved 212992K
}
Event: 224.936 GC heap before
{Heap before GC invocations=59 (full 0):
 garbage-first heap   total 280576K, used 205824K [0x00000000c0000000, 0x0000000100000000)
  region size 1024K, 13 young (13312K), 8 survivors (8192K)
 Metaspace       used 142224K, committed 144896K, reserved 344064K
  class space    used 18133K, committed 19456K, reserved 212992K
}
Event: 225.425 GC heap after
{Heap after GC invocations=60 (full 0):
 garbage-first heap   total 280576K, used 204785K [0x00000000c0000000, 0x0000000100000000)
  region size 1024K, 2 young (2048K), 2 survivors (2048K)
 Metaspace       used 142224K, committed 144896K, reserved 344064K
  class space    used 18133K, committed 19456K, reserved 212992K
}
Event: 226.592 GC heap before
{Heap before GC invocations=60 (full 0):
 garbage-first heap   total 280576K, used 248817K [0x00000000c0000000, 0x0000000100000000)
  region size 1024K, 46 young (47104K), 2 survivors (2048K)
 Metaspace       used 142226K, committed 144896K, reserved 344064K
  class space    used 18133K, committed 19456K, reserved 212992K
}
Event: 226.626 GC heap after
{Heap after GC invocations=61 (full 0):
 garbage-first heap   total 280576K, used 223232K [0x00000000c0000000, 0x0000000100000000)
  region size 1024K, 6 young (6144K), 6 survivors (6144K)
 Metaspace       used 142226K, committed 144896K, reserved 344064K
  class space    used 18133K, committed 19456K, reserved 212992K
}
Event: 236.450 GC heap before
{Heap before GC invocations=61 (full 0):
 garbage-first heap   total 345088K, used 214016K [0x00000000c0000000, 0x0000000100000000)
  region size 1024K, 16 young (16384K), 6 survivors (6144K)
 Metaspace       used 142319K, committed 144960K, reserved 344064K
  class space    used 18134K, committed 19456K, reserved 212992K
}
Event: 236.681 GC heap after
{Heap after GC invocations=62 (full 0):
 garbage-first heap   total 345088K, used 207637K [0x00000000c0000000, 0x0000000100000000)
  region size 1024K, 2 young (2048K), 2 survivors (2048K)
 Metaspace       used 142319K, committed 144960K, reserved 344064K
  class space    used 18134K, committed 19456K, reserved 212992K
}
Event: 237.603 GC heap before
{Heap before GC invocations=63 (full 0):
 garbage-first heap   total 345088K, used 221973K [0x00000000c0000000, 0x0000000100000000)
  region size 1024K, 16 young (16384K), 2 survivors (2048K)
 Metaspace       used 142337K, committed 145024K, reserved 344064K
  class space    used 18134K, committed 19456K, reserved 212992K
}
Event: 237.629 GC heap after
{Heap after GC invocations=64 (full 0):
 garbage-first heap   total 345088K, used 211968K [0x00000000c0000000, 0x0000000100000000)
  region size 1024K, 2 young (2048K), 2 survivors (2048K)
 Metaspace       used 142337K, committed 145024K, reserved 344064K
  class space    used 18134K, committed 19456K, reserved 212992K
}
Event: 242.920 GC heap before
{Heap before GC invocations=64 (full 0):
 garbage-first heap   total 345088K, used 291840K [0x00000000c0000000, 0x0000000100000000)
  region size 1024K, 80 young (81920K), 2 survivors (2048K)
 Metaspace       used 142810K, committed 145472K, reserved 344064K
  class space    used 18134K, committed 19456K, reserved 212992K
}
Event: 243.091 GC heap after
{Heap after GC invocations=65 (full 0):
 garbage-first heap   total 515072K, used 216537K [0x00000000c0000000, 0x0000000100000000)
  region size 1024K, 10 young (10240K), 10 survivors (10240K)
 Metaspace       used 142810K, committed 145472K, reserved 344064K
  class space    used 18134K, committed 19456K, reserved 212992K
}
Event: 246.268 GC heap before
{Heap before GC invocations=65 (full 0):
 garbage-first heap   total 515072K, used 234969K [0x00000000c0000000, 0x0000000100000000)
  region size 1024K, 28 young (28672K), 10 survivors (10240K)
 Metaspace       used 143040K, committed 145664K, reserved 344064K
  class space    used 18134K, committed 19456K, reserved 212992K
}
Event: 246.347 GC heap after
{Heap after GC invocations=66 (full 0):
 garbage-first heap   total 515072K, used 222208K [0x00000000c0000000, 0x0000000100000000)
  region size 1024K, 4 young (4096K), 4 survivors (4096K)
 Metaspace       used 143040K, committed 145664K, reserved 344064K
  class space    used 18134K, committed 19456K, reserved 212992K
}
Event: 261.212 GC heap before
{Heap before GC invocations=66 (full 0):
 garbage-first heap   total 515072K, used 272384K [0x00000000c0000000, 0x0000000100000000)
  region size 1024K, 54 young (55296K), 4 survivors (4096K)
 Metaspace       used 143551K, committed 146176K, reserved 344064K
  class space    used 18147K, committed 19456K, reserved 212992K
}
Event: 261.292 GC heap after
{Heap after GC invocations=67 (full 0):
 garbage-first heap   total 515072K, used 240128K [0x00000000c0000000, 0x0000000100000000)
  region size 1024K, 7 young (7168K), 7 survivors (7168K)
 Metaspace       used 143551K, committed 146176K, reserved 344064K
  class space    used 18147K, committed 19456K, reserved 212992K
}
Event: 261.410 GC heap before
{Heap before GC invocations=67 (full 0):
 garbage-first heap   total 515072K, used 264704K [0x00000000c0000000, 0x0000000100000000)
  region size 1024K, 31 young (31744K), 7 survivors (7168K)
 Metaspace       used 143560K, committed 146176K, reserved 344064K
  class space    used 18147K, committed 19456K, reserved 212992K
}
Event: 261.453 GC heap after
{Heap after GC invocations=68 (full 0):
 garbage-first heap   total 515072K, used 250880K [0x00000000c0000000, 0x0000000100000000)
  region size 1024K, 4 young (4096K), 4 survivors (4096K)
 Metaspace       used 143560K, committed 146176K, reserved 344064K
  class space    used 18147K, committed 19456K, reserved 212992K
}
Event: 263.819 GC heap before
{Heap before GC invocations=68 (full 0):
 garbage-first heap   total 515072K, used 290816K [0x00000000c0000000, 0x0000000100000000)
  region size 1024K, 44 young (45056K), 4 survivors (4096K)
 Metaspace       used 143616K, committed 146304K, reserved 344064K
  class space    used 18148K, committed 19456K, reserved 212992K
}
Event: 263.887 GC heap after
{Heap after GC invocations=69 (full 0):
 garbage-first heap   total 515072K, used 263168K [0x00000000c0000000, 0x0000000100000000)
  region size 1024K, 8 young (8192K), 8 survivors (8192K)
 Metaspace       used 143616K, committed 146304K, reserved 344064K
  class space    used 18148K, committed 19456K, reserved 212992K
}

